<?xml version="1.0" encoding="UTF-8"?>
<testsuite xmlns:xsi="http://www.w3.org/2001/XMLSchema-instance" xsi:noNamespaceSchemaLocation="https://maven.apache.org/surefire/maven-surefire-plugin/xsd/surefire-test-report-3.0.xsd" version="3.0" name="com.webchat.service.engine.EngineBehaviorTest" time="0.069" tests="9" errors="0" skipped="0" failures="0">
  <properties>
[...]
</properties>
  <testcase name="actionResultFluentMethodsShouldSetSuccessAndMessage" classname="com.webchat.service.engine.EngineBehaviorTest" time="0.029"/>
  <testcase name="gameEngineRegistryShouldResolveRegisteredEngine" classname="com.webchat.service.engine.EngineBehaviorTest" time="0.004">
    <system-out><![CDATA[✅ 已注册游戏引擎: [TIC_TAC_TOE]
]]></system-out>
  </testcase>
  <testcase name="guessNumberEngineShouldFinishOnCorrectGuess" classname="com.webchat.service.engine.EngineBehaviorTest" time="0.004"/>
  <testcase name="ticTacToeEngineShouldFinishWhenPlayerCreatesWinningLine" classname="com.webchat.service.engine.EngineBehaviorTest" time="0.003"/>
  <testcase name="rpsEngineShouldResolveOneOnOneWinner" classname="com.webchat.service.engine.EngineBehaviorTest" time="0.002"/>
  <testcase name="ticTacToeEngineShouldRejectOccupiedCell" classname="com.webchat.service.engine.EngineBehaviorTest" time="0.001"/>
  <testcase name="gomokuEngineShouldFinishWhenFiveInRowArePlaced" classname="com.webchat.service.engine.EngineBehaviorTest" time="0.002"/>
  <testcase name="rpsEngineShouldRejectInvalidMove" classname="com.webchat.service.engine.EngineBehaviorTest" time="0.001"/>
  <testcase name="guessNumberEngineShouldRecordGuessAndSwitchTurn" classname="com.webchat.service.engine.EngineBehaviorTest" time="0.005"/>
</testsuite>