# JRE version: Java(TM) SE Runtime Environment (26.0.1+8) (build 26.0.1+8-34)
# Java VM: Java HotSpot(TM) 64-Bit Server VM (26.0.1+8-34, mixed mode, sharing, tiered, compressed oops, compressed class ptrs, g1 gc, windows-amd64)
GC Precious Log:
 CardTable entry size: 512
 Card Set container configuration: InlinePtr #cards 4 size 8 Array Of Cards #cards 16 size 48 Howl #buckets 8 coarsen threshold 3686 Howl Bitmap #cards 512 size 80 coarsen threshold 460 Card regions per heap region 1 cards per card region 4096
 CPUs: 16 total, 16 available
 Memory: 14074M
 Large Page Support: Disabled
 NUMA Support: Disabled
 Compressed Oops: Enabled (Zero based)
 Heap Region Size: 2M
 Heap Min Capacity: 8M
 Heap Initial Capacity: 8M
 Heap Max Capacity: 3520M
 Pre-touch: Disabled
 Parallel Workers: 13
 Concurrent Workers: 3
 Concurrent Refinement Workers: 13
 Periodic GC: Disabled
Heap:
 garbage-first heap   total reserved 3604480K, committed 30720K, used 4610K [0x0000000724000000, 0x0000000800000000)
  region size 2M, 2 eden (4M), 1 survivor (2M), 2 old (4M), 0 humongous (0M), 10 free (20M)
GC Heap Usage History (14 events):
Event: 0.179 {heap Before GC invocations=0 (full 0):
 garbage-first heap   total reserved 3604480K, committed 10240K, used 5283K [0x0000000724000000, 0x0000000800000000)
  region size 2M, 2 eden (4M), 0 survivor (0M), 1 old (2M), 0 humongous (0M), 2 free (4M)
}
Event: 0.181 {heap After GC invocations=1 (full 0):
 garbage-first heap   total reserved 3604480K, committed 10240K, used 2397K [0x0000000724000000, 0x0000000800000000)
  region size 2M, 0 eden (0M), 1 survivor (2M), 1 old (2M), 0 humongous (0M), 3 free (6M)
}
Event: 0.194 {heap Before GC invocations=1 (full 0):
 garbage-first heap   total reserved 3604480K, committed 10240K, used 4445K [0x0000000724000000, 0x0000000800000000)
  region size 2M, 1 eden (2M), 1 survivor (2M), 1 old (2M), 0 humongous (0M), 2 free (4M)
}
Event: 0.195 {heap After GC invocations=2 (full 0):
 garbage-first heap   total reserved 3604480K, committed 10240K, used 2459K [0x0000000724000000, 0x0000000800000000)
  region size 2M, 0 eden (0M), 1 survivor (2M), 2 old (4M), 0 humongous (0M), 2 free (4M)
}
Event: 0.199 {heap Before GC invocations=2 (full 0):
 garbage-first heap   total reserved 3604480K, committed 10240K, used 4507K [0x0000000724000000, 0x0000000800000000)
  region size 2M, 1 eden (2M), 1 survivor (2M), 2 old (4M), 0 humongous (0M), 1 free (2M)
}
Event: 0.200 {heap After GC invocations=3 (full 0):
 garbage-first heap   total reserved 3604480K, committed 10240K, used 2331K [0x0000000724000000, 0x0000000800000000)
  region size 2M, 0 eden (0M), 1 survivor (2M), 2 old (4M), 0 humongous (0M), 2 free (4M)
}
Event: 0.204 {heap Before GC invocations=3 (full 0):
 garbage-first heap   total reserved 3604480K, committed 10240K, used 4379K [0x0000000724000000, 0x0000000800000000)
  region size 2M, 1 eden (2M), 1 survivor (2M), 2 old (4M), 0 humongous (0M), 1 free (2M)
}
Event: 0.205 {heap After GC invocations=4 (full 0):
 garbage-first heap   total reserved 3604480K, committed 10240K, used 2318K [0x0000000724000000, 0x0000000800000000)
  region size 2M, 0 eden (0M), 1 survivor (2M), 2 old (4M), 0 humongous (0M), 2 free (4M)
}
Event: 0.212 {heap Before GC invocations=4 (full 0):
 garbage-first heap   total reserved 3604480K, committed 10240K, used 4366K [0x0000000724000000, 0x0000000800000000)
  region size 2M, 1 eden (2M), 1 survivor (2M), 2 old (4M), 0 humongous (0M), 1 free (2M)
}
Event: 0.212 {heap After GC invocations=5 (full 0):
 garbage-first heap   total reserved 3604480K, committed 30720K, used 2348K [0x0000000724000000, 0x0000000800000000)
  region size 2M, 0 eden (0M), 1 survivor (2M), 2 old (4M), 0 humongous (0M), 12 free (24M)
}
Event: 0.229 {heap Before GC invocations=5 (full 0):
 garbage-first heap   total reserved 3604480K, committed 30720K, used 18732K [0x0000000724000000, 0x0000000800000000)
  region size 2M, 8 eden (16M), 1 survivor (2M), 2 old (4M), 0 humongous (0M), 4 free (8M)
}
Event: 0.230 {heap After GC invocations=6 (full 0):
 garbage-first heap   total reserved 3604480K, committed 30720K, used 2441K [0x0000000724000000, 0x0000000800000000)
  region size 2M, 0 eden (0M), 1 survivor (2M), 2 old (4M), 0 humongous (0M), 12 free (24M)
}
Event: 0.242 {heap Before GC invocations=6 (full 0):
 garbage-first heap   total reserved 3604480K, committed 30720K, used 18825K [0x0000000724000000, 0x0000000800000000)
  region size 2M, 8 eden (16M), 1 survivor (2M), 2 old (4M), 0 humongous (0M), 4 free (8M)
}
Event: 0.243 {heap After GC invocations=7 (full 0):
 garbage-first heap   total reserved 3604480K, committed 30720K, used 2562K [0x0000000724000000, 0x0000000800000000)
  region size 2M, 0 eden (0M), 1 survivor (2M), 2 old (4M), 0 humongous (0M), 12 free (24M)
}

